<?xml version="1.0" encoding="UTF-8"?>
<!-- Generated by org.testng.reporters.JUnitXMLReporter -->
<testsuite ignored="0" hostname="NAG1-LHP-N07423" failures="6" tests="14" name="Test" time="28.865" errors="0" timestamp="2021-05-14T00:50:00 IST">
  <testcase classname="com.qa.Employee.testCases.TC001_Get_All_Employees" name="checkContentType" time="0.01">
    <failure type="java.lang.AssertionError" message="expected [application/json] but found [application/json; charset=utf-8]">
      <![CDATA[java.lang.AssertionError: expected [application/json] but found [application/json; charset=utf-8]
at com.qa.Employee.testCases.TC001_Get_All_Employees.checkContentType(TC001_Get_All_Employees.java:79)
at java.base/java.util.ArrayList.forEach(ArrayList.java:1511)
... Removed 33 stack frames]]>
    </failure>
  </testcase> <!-- checkContentType -->
  <testcase classname="com.qa.Employee.testCases.TC001_Get_All_Employees" name="checkResponseTime" time="0.003"/>
  <testcase classname="com.qa.Employee.testCases.TC001_Get_All_Employees" name="checkResposeBody" time="0.024"/>
  <testcase classname="com.qa.Employee.testCases.TC001_Get_All_Employees" name="checkStatusCode" time="0.003"/>
  <testcase classname="com.qa.Employee.testCases.TC001_Get_All_Employees" name="checkcontentEncoding" time="0.003">
    <failure type="java.lang.AssertionError" message="expected [gzip] but found [null]">
      <![CDATA[java.lang.AssertionError: expected [gzip] but found [null]
at com.qa.Employee.testCases.TC001_Get_All_Employees.checkcontentEncoding(TC001_Get_All_Employees.java:100)
at java.base/java.util.ArrayList.forEach(ArrayList.java:1511)
... Removed 33 stack frames]]>
    </failure>
  </testcase> <!-- checkcontentEncoding -->
  <testcase classname="com.qa.Employee.testCases.TC001_Get_All_Employees" name="checkstatusLine" time="0.002"/>
  <testcase classname="com.qa.Employee.testCases.TC002_Get_Single_Employee_Record" name="checkResposeBody" time="0.003">
    <failure type="java.lang.AssertionError" message="expected [true] but found [false]">
      <![CDATA[java.lang.AssertionError: expected [true] but found [false]
at com.qa.Employee.testCases.TC002_Get_Single_Employee_Record.checkResposeBody(TC002_Get_Single_Employee_Record.java:32)
at java.base/java.util.ArrayList.forEach(ArrayList.java:1511)
... Removed 33 stack frames]]>
    </failure>
  </testcase> <!-- checkResposeBody -->
  <testcase classname="com.qa.Employee.testCases.TC002_Get_Single_Employee_Record" name="checkStatusCode" time="0.002">
    <failure type="java.lang.AssertionError" message="expected [200] but found [404]">
      <![CDATA[java.lang.AssertionError: expected [200] but found [404]
at com.qa.Employee.testCases.TC002_Get_Single_Employee_Record.checkStatusCode(TC002_Get_Single_Employee_Record.java:41)
at java.base/java.util.ArrayList.forEach(ArrayList.java:1511)
... Removed 33 stack frames]]>
    </failure>
  </testcase> <!-- checkStatusCode -->
  <testcase classname="com.qa.Employee.testCases.TC003_Post_Employee_Records" name="checkResposeBody" time="0.002"/>
  <testcase classname="com.qa.Employee.testCases.TC003_Post_Employee_Records" name="checkStatusCode" time="0.002"/>
  <testcase classname="com.qa.Employee.testCases.TC004_Put_Employee_Records" name="checkResposeBody" time="0.002">
    <failure type="java.lang.AssertionError" message="expected [true] but found [false]">
      <![CDATA[java.lang.AssertionError: expected [true] but found [false]
at com.qa.Employee.testCases.TC004_Put_Employee_Records.checkResposeBody(TC004_Put_Employee_Records.java:62)
at java.base/java.util.ArrayList.forEach(ArrayList.java:1511)
... Removed 33 stack frames]]>
    </failure>
  </testcase> <!-- checkResposeBody -->
  <testcase classname="com.qa.Employee.testCases.TC004_Put_Employee_Records" name="checkStatusCode" time="0.002">
    <failure type="java.lang.AssertionError" message="expected [200] but found [404]">
      <![CDATA[java.lang.AssertionError: expected [200] but found [404]
at com.qa.Employee.testCases.TC004_Put_Employee_Records.checkStatusCode(TC004_Put_Employee_Records.java:76)
at java.base/java.util.ArrayList.forEach(ArrayList.java:1511)
... Removed 33 stack frames]]>
    </failure>
  </testcase> <!-- checkStatusCode -->
  <testcase classname="com.qa.Employee.testCases.TC005_Delete_Employee_Records" name="checkResposeBody" time="0.002"/>
  <testcase classname="com.qa.Employee.testCases.TC005_Delete_Employee_Records" name="checkStatusCode" time="0.001"/>
</testsuite> <!-- Test -->
